lora_tester/app/build/intermediates/manifest_merge_blame_file/debug/processDebugMainManifest/manifest-merger-blame-debug-report.txt
1<?xml version="1.0" encoding="utf-8"?>
2<manifest xmlns:android="http://schemas.android.com/apk/res/android"
3    package="com.gdl.loratester" >
4
5    <uses-sdk
6        android:minSdkVersion="29"
7        android:targetSdkVersion="34" />
8
9    <uses-feature
9-->src\main\AndroidManifest.xml:2:5-87
10        android:name="android.hardware.usb.host"
10-->src\main\AndroidManifest.xml:2:19-59
11        android:required="false" />
11-->src\main\AndroidManifest.xml:2:60-84
12    <uses-feature
12-->src\main\AndroidManifest.xml:3:5-91
13        android:name="android.hardware.location.gps"
13-->src\main\AndroidManifest.xml:3:19-63
14        android:required="false" />
14-->src\main\AndroidManifest.xml:3:64-88
15
16    <uses-permission android:name="android.permission.ACCESS_COARSE_LOCATION" />
16-->src\main\AndroidManifest.xml:4:5-81
16-->src\main\AndroidManifest.xml:4:22-78
17    <uses-permission android:name="android.permission.ACCESS_FINE_LOCATION" />
17-->src\main\AndroidManifest.xml:5:5-79
17-->src\main\AndroidManifest.xml:5:22-76
18    <uses-permission android:name="android.permission.FOREGROUND_SERVICE_LOCATION" />
18-->src\main\AndroidManifest.xml:6:5-86
18-->src\main\AndroidManifest.xml:6:22-83
19    <uses-permission android:name="android.permission.FOREGROUND_SERVICE" />
19-->src\main\AndroidManifest.xml:7:5-77
19-->src\main\AndroidManifest.xml:7:22-74
20    <uses-permission android:name="android.permission.FOREGROUND_SERVICE_CONNECTED_DEVICE" />
20-->src\main\AndroidManifest.xml:8:5-94
20-->src\main\AndroidManifest.xml:8:22-91
21    <uses-permission android:name="android.permission.POST_NOTIFICATIONS" />
21-->src\main\AndroidManifest.xml:9:5-77
21-->src\main\AndroidManifest.xml:9:22-74
22    <uses-permission android:name="android.permission.WAKE_LOCK" />
22-->src\main\AndroidManifest.xml:10:5-68
22-->src\main\AndroidManifest.xml:10:22-65
23    <uses-permission android:name="android.permission.INTERNET" />
23-->src\main\AndroidManifest.xml:11:5-67
23-->src\main\AndroidManifest.xml:11:22-64
24    <uses-permission android:name="android.permission.ACCESS_NETWORK_STATE" />
24-->src\main\AndroidManifest.xml:12:5-79
24-->src\main\AndroidManifest.xml:12:22-76
25    <uses-permission android:name="android.permission.ACCESS_WIFI_STATE" />
25-->src\main\AndroidManifest.xml:13:5-76
25-->src\main\AndroidManifest.xml:13:22-73
26    <uses-permission android:name="android.permission.CHANGE_WIFI_STATE" />
26-->src\main\AndroidManifest.xml:14:5-76
26-->src\main\AndroidManifest.xml:14:22-73
27
28    <application
28-->src\main\AndroidManifest.xml:15:5-27:19
29        android:allowBackup="false"
29-->src\main\AndroidManifest.xml:15:104-131
30        android:debuggable="true"
31        android:extractNativeLibs="false"
32        android:label="lora_tester"
32-->src\main\AndroidManifest.xml:15:18-45
33        android:supportsRtl="true"
33-->src\main\AndroidManifest.xml:15:132-158
34        android:testOnly="true"
35        android:theme="@android:style/Theme.Material.NoActionBar" >
35-->src\main\AndroidManifest.xml:15:46-103
36        <activity
36-->src\main\AndroidManifest.xml:16:9-20:20
37            android:name="com.gdl.loratester.MainActivity"
37-->src\main\AndroidManifest.xml:16:19-47
38            android:exported="true" >
38-->src\main\AndroidManifest.xml:16:48-71
39            <intent-filter>
39-->src\main\AndroidManifest.xml:17:13-156
40                <action android:name="android.intent.action.MAIN" />
40-->src\main\AndroidManifest.xml:17:28-80
40-->src\main\AndroidManifest.xml:17:36-77
41
42                <category android:name="android.intent.category.LAUNCHER" />
42-->src\main\AndroidManifest.xml:17:80-140
42-->src\main\AndroidManifest.xml:17:90-137
43            </intent-filter>
44            <intent-filter>
44-->src\main\AndroidManifest.xml:18:13-117
45                <action android:name="android.hardware.usb.action.USB_DEVICE_ATTACHED" />
45-->src\main\AndroidManifest.xml:18:28-101
45-->src\main\AndroidManifest.xml:18:36-98
46            </intent-filter>
47
48            <meta-data
48-->src\main\AndroidManifest.xml:19:13-127
49                android:name="android.hardware.usb.action.USB_DEVICE_ATTACHED"
49-->src\main\AndroidManifest.xml:19:24-86
50                android:resource="@xml/device_filter" />
50-->src\main\AndroidManifest.xml:19:87-124
51        </activity>
52        <!--
53             USB permission is the connectedDevice prerequisite. MainActivity checks
54             UsbManager.hasPermission before starting this service. AGP 8.7's
55             manifest-only lint check does not recognise that runtime alternative.
56        -->
57        <service
57-->src\main\AndroidManifest.xml:24:9-167
58            android:name="com.gdl.loratester.CaptureService"
58-->src\main\AndroidManifest.xml:24:18-48
59            android:exported="false"
59-->src\main\AndroidManifest.xml:24:49-73
60            android:foregroundServiceType="connectedDevice" />
60-->src\main\AndroidManifest.xml:24:74-121
61        <service
61-->src\main\AndroidManifest.xml:25:9-128
62            android:name="com.gdl.loratester.WifiCaptureService"
62-->src\main\AndroidManifest.xml:25:18-52
63            android:exported="false"
63-->src\main\AndroidManifest.xml:25:53-77
64            android:foregroundServiceType="connectedDevice" />
64-->src\main\AndroidManifest.xml:25:78-125
65        <service
65-->src\main\AndroidManifest.xml:26:9-122
66            android:name="com.gdl.loratester.PhoneCaptureService"
66-->src\main\AndroidManifest.xml:26:18-53
67            android:exported="false"
67-->src\main\AndroidManifest.xml:26:54-78
68            android:foregroundServiceType="location" />
68-->src\main\AndroidManifest.xml:26:79-119
69    </application>
70
71</manifest>